Error connecting to MySQL: Error: Access denied for user ''@'localhost' (using password: NO)
    at Packet.asError (/home7/evvisolu/nodevenv/evvisolutions.com/20/lib/node_modules/mysql2/lib/packets/packet.js:738:17)
    at ClientHandshake.execute (/home7/evvisolu/nodevenv/evvisolutions.com/20/lib/node_modules/mysql2/lib/commands/command.js:29:26)
    at Connection.handlePacket (/home7/evvisolu/nodevenv/evvisolutions.com/20/lib/node_modules/mysql2/lib/connection.js:481:34)
    at PacketParser.onPacket (/home7/evvisolu/nodevenv/evvisolutions.com/20/lib/node_modules/mysql2/lib/connection.js:97:12)
    at PacketParser.executeStart (/home7/evvisolu/nodevenv/evvisolutions.com/20/lib/node_modules/mysql2/lib/packet_parser.js:75:16)
    at Socket.<anonymous> (/home7/evvisolu/nodevenv/evvisolutions.com/20/lib/node_modules/mysql2/lib/connection.js:104:25)
    at Socket.emit (node:events:519:28)
    at addChunk (node:internal/streams/readable:559:12)
    at readableAddChunkPushByteMode (node:internal/streams/readable:510:3)
    at Readable.push (node:internal/streams/readable:390:5)
Error connecting to MySQL: Error: Access denied for user ''@'localhost' (using password: NO)
    at Packet.asError (/home7/evvisolu/nodevenv/evvisolutions.com/20/lib/node_modules/mysql2/lib/packets/packet.js:738:17)
    at ClientHandshake.execute (/home7/evvisolu/nodevenv/evvisolutions.com/20/lib/node_modules/mysql2/lib/commands/command.js:29:26)
    at Connection.handlePacket (/home7/evvisolu/nodevenv/evvisolutions.com/20/lib/node_modules/mysql2/lib/connection.js:481:34)
    at PacketParser.onPacket (/home7/evvisolu/nodevenv/evvisolutions.com/20/lib/node_modules/mysql2/lib/connection.js:97:12)
    at PacketParser.executeStart (/home7/evvisolu/nodevenv/evvisolutions.com/20/lib/node_modules/mysql2/lib/packet_parser.js:75:16)
    at Socket.<anonymous> (/home7/evvisolu/nodevenv/evvisolutions.com/20/lib/node_modules/mysql2/lib/connection.js:104:25)
    at Socket.emit (node:events:519:28)
    at addChunk (node:internal/streams/readable:559:12)
    at readableAddChunkPushByteMode (node:internal/streams/readable:510:3)
    at Readable.push (node:internal/streams/readable:390:5)
Error inserting contact: Error: Can't add new command when connection is in closed state
    at Connection._addCommandClosedState (/home7/evvisolu/nodevenv/evvisolutions.com/20/lib/node_modules/mysql2/lib/connection.js:164:17)
    at Connection.query (/home7/evvisolu/nodevenv/evvisolutions.com/20/lib/node_modules/mysql2/lib/connection.js:575:17)
    at contactSubmit (/home7/evvisolu/evvisolutions.com/Controller/Contact_controller.js:55:14)
    at Layer.handle [as handle_request] (/home7/evvisolu/nodevenv/evvisolutions.com/20/lib/node_modules/express/lib/router/layer.js:95:5)
    at next (/home7/evvisolu/nodevenv/evvisolutions.com/20/lib/node_modules/express/lib/router/route.js:149:13)
    at Route.dispatch (/home7/evvisolu/nodevenv/evvisolutions.com/20/lib/node_modules/express/lib/router/route.js:119:3)
    at Layer.handle [as handle_request] (/home7/evvisolu/nodevenv/evvisolutions.com/20/lib/node_modules/express/lib/router/layer.js:95:5)
    at /home7/evvisolu/nodevenv/evvisolutions.com/20/lib/node_modules/express/lib/router/index.js:284:15
    at Function.process_params (/home7/evvisolu/nodevenv/evvisolutions.com/20/lib/node_modules/express/lib/router/index.js:346:12)
    at next (/home7/evvisolu/nodevenv/evvisolutions.com/20/lib/node_modules/express/lib/router/index.js:280:10) {
  fatal: true
}
Error inserting contact: Error: Can't add new command when connection is in closed state
    at Connection._addCommandClosedState (/home7/evvisolu/nodevenv/evvisolutions.com/20/lib/node_modules/mysql2/lib/connection.js:164:17)
    at Connection.query (/home7/evvisolu/nodevenv/evvisolutions.com/20/lib/node_modules/mysql2/lib/connection.js:575:17)
    at contactSubmit (/home7/evvisolu/evvisolutions.com/Controller/Contact_controller.js:55:14)
    at Layer.handle [as handle_request] (/home7/evvisolu/nodevenv/evvisolutions.com/20/lib/node_modules/express/lib/router/layer.js:95:5)
    at next (/home7/evvisolu/nodevenv/evvisolutions.com/20/lib/node_modules/express/lib/router/route.js:149:13)
    at Route.dispatch (/home7/evvisolu/nodevenv/evvisolutions.com/20/lib/node_modules/express/lib/router/route.js:119:3)
    at Layer.handle [as handle_request] (/home7/evvisolu/nodevenv/evvisolutions.com/20/lib/node_modules/express/lib/router/layer.js:95:5)
    at /home7/evvisolu/nodevenv/evvisolutions.com/20/lib/node_modules/express/lib/router/index.js:284:15
    at Function.process_params (/home7/evvisolu/nodevenv/evvisolutions.com/20/lib/node_modules/express/lib/router/index.js:346:12)
    at next (/home7/evvisolu/nodevenv/evvisolutions.com/20/lib/node_modules/express/lib/router/index.js:280:10) {
  fatal: true
}
Error inserting contact: Error: Can't add new command when connection is in closed state
    at Connection._addCommandClosedState (/home7/evvisolu/nodevenv/evvisolutions.com/20/lib/node_modules/mysql2/lib/connection.js:164:17)
    at Connection.query (/home7/evvisolu/nodevenv/evvisolutions.com/20/lib/node_modules/mysql2/lib/connection.js:575:17)
    at contactSubmit (/home7/evvisolu/evvisolutions.com/Controller/Contact_controller.js:55:14)
    at Layer.handle [as handle_request] (/home7/evvisolu/nodevenv/evvisolutions.com/20/lib/node_modules/express/lib/router/layer.js:95:5)
    at next (/home7/evvisolu/nodevenv/evvisolutions.com/20/lib/node_modules/express/lib/router/route.js:149:13)
    at Route.dispatch (/home7/evvisolu/nodevenv/evvisolutions.com/20/lib/node_modules/express/lib/router/route.js:119:3)
    at Layer.handle [as handle_request] (/home7/evvisolu/nodevenv/evvisolutions.com/20/lib/node_modules/express/lib/router/layer.js:95:5)
    at /home7/evvisolu/nodevenv/evvisolutions.com/20/lib/node_modules/express/lib/router/index.js:284:15
    at Function.process_params (/home7/evvisolu/nodevenv/evvisolutions.com/20/lib/node_modules/express/lib/router/index.js:346:12)
    at next (/home7/evvisolu/nodevenv/evvisolutions.com/20/lib/node_modules/express/lib/router/index.js:280:10) {
  fatal: true
}
Error inserting contact: Error: Can't add new command when connection is in closed state
    at Connection._addCommandClosedState (/home7/evvisolu/nodevenv/evvisolutions.com/20/lib/node_modules/mysql2/lib/connection.js:164:17)
    at Connection.query (/home7/evvisolu/nodevenv/evvisolutions.com/20/lib/node_modules/mysql2/lib/connection.js:575:17)
    at contactSubmit (/home7/evvisolu/evvisolutions.com/Controller/Contact_controller.js:55:14)
    at Layer.handle [as handle_request] (/home7/evvisolu/nodevenv/evvisolutions.com/20/lib/node_modules/express/lib/router/layer.js:95:5)
    at next (/home7/evvisolu/nodevenv/evvisolutions.com/20/lib/node_modules/express/lib/router/route.js:149:13)
    at Route.dispatch (/home7/evvisolu/nodevenv/evvisolutions.com/20/lib/node_modules/express/lib/router/route.js:119:3)
    at Layer.handle [as handle_request] (/home7/evvisolu/nodevenv/evvisolutions.com/20/lib/node_modules/express/lib/router/layer.js:95:5)
    at /home7/evvisolu/nodevenv/evvisolutions.com/20/lib/node_modules/express/lib/router/index.js:284:15
    at Function.process_params (/home7/evvisolu/nodevenv/evvisolutions.com/20/lib/node_modules/express/lib/router/index.js:346:12)
    at next (/home7/evvisolu/nodevenv/evvisolutions.com/20/lib/node_modules/express/lib/router/index.js:280:10) {
  fatal: true
}
Error inserting contact: Error: Can't add new command when connection is in closed state
    at Connection._addCommandClosedState (/home7/evvisolu/nodevenv/evvisolutions.com/20/lib/node_modules/mysql2/lib/connection.js:164:17)
    at Connection.query (/home7/evvisolu/nodevenv/evvisolutions.com/20/lib/node_modules/mysql2/lib/connection.js:575:17)
    at contactSubmit (/home7/evvisolu/evvisolutions.com/Controller/Contact_controller.js:55:14)
    at Layer.handle [as handle_request] (/home7/evvisolu/nodevenv/evvisolutions.com/20/lib/node_modules/express/lib/router/layer.js:95:5)
    at next (/home7/evvisolu/nodevenv/evvisolutions.com/20/lib/node_modules/express/lib/router/route.js:149:13)
    at Route.dispatch (/home7/evvisolu/nodevenv/evvisolutions.com/20/lib/node_modules/express/lib/router/route.js:119:3)
    at Layer.handle [as handle_request] (/home7/evvisolu/nodevenv/evvisolutions.com/20/lib/node_modules/express/lib/router/layer.js:95:5)
    at /home7/evvisolu/nodevenv/evvisolutions.com/20/lib/node_modules/express/lib/router/index.js:284:15
    at Function.process_params (/home7/evvisolu/nodevenv/evvisolutions.com/20/lib/node_modules/express/lib/router/index.js:346:12)
    at next (/home7/evvisolu/nodevenv/evvisolutions.com/20/lib/node_modules/express/lib/router/index.js:280:10) {
  fatal: true
}
/usr/local/lsws/fcgi-bin/lsnode.js:48
    var app = require(startupFile);
              ^

Error [ERR_REQUIRE_ESM]: require() of ES Module /home7/evvisolu/evvisolutions.com/index.js from /usr/local/lsws/fcgi-bin/lsnode.js not supported.
Instead change the require of index.js in /usr/local/lsws/fcgi-bin/lsnode.js to a dynamic import() which is available in all CommonJS modules.
    at startApplication (/usr/local/lsws/fcgi-bin/lsnode.js:48:15)
    at Object.<anonymous> (/usr/local/lsws/fcgi-bin/lsnode.js:16:1) {
  code: 'ERR_REQUIRE_ESM'
}

Node.js v20.17.0
/usr/local/lsws/fcgi-bin/lsnode.js:48
    var app = require(startupFile);
              ^

Error [ERR_REQUIRE_ESM]: require() of ES Module /home7/evvisolu/evvisolutions.com/index.js from /usr/local/lsws/fcgi-bin/lsnode.js not supported.
Instead change the require of index.js in /usr/local/lsws/fcgi-bin/lsnode.js to a dynamic import() which is available in all CommonJS modules.
    at startApplication (/usr/local/lsws/fcgi-bin/lsnode.js:48:15)
    at Object.<anonymous> (/usr/local/lsws/fcgi-bin/lsnode.js:16:1) {
  code: 'ERR_REQUIRE_ESM'
}

Node.js v20.17.0
/usr/local/lsws/fcgi-bin/lsnode.js:48
    var app = require(startupFile);
              ^

Error [ERR_REQUIRE_ESM]: require() of ES Module /home7/evvisolu/evvisolutions.com/index.js from /usr/local/lsws/fcgi-bin/lsnode.js not supported.
Instead change the require of index.js in /usr/local/lsws/fcgi-bin/lsnode.js to a dynamic import() which is available in all CommonJS modules.
    at startApplication (/usr/local/lsws/fcgi-bin/lsnode.js:48:15)
    at Object.<anonymous> (/usr/local/lsws/fcgi-bin/lsnode.js:16:1) {
  code: 'ERR_REQUIRE_ESM'
}

Node.js v20.17.0
Error: Please upload an image
    at fileFilter (/home7/evvisolu/evvisolutions.com/Middleware/multer_config.js:20:8)
    at wrappedFileFilter (/home7/evvisolu/nodevenv/evvisolutions.com/20/lib/node_modules/multer/index.js:44:7)
    at Multipart.<anonymous> (/home7/evvisolu/nodevenv/evvisolutions.com/20/lib/node_modules/multer/lib/make-middleware.js:107:7)
    at Multipart.emit (node:events:519:28)
    at HeaderParser.cb (/home7/evvisolu/nodevenv/evvisolutions.com/20/lib/node_modules/busboy/lib/types/multipart.js:358:14)
    at HeaderParser.push (/home7/evvisolu/nodevenv/evvisolutions.com/20/lib/node_modules/busboy/lib/types/multipart.js:162:20)
    at SBMH.ssCb [as _cb] (/home7/evvisolu/nodevenv/evvisolutions.com/20/lib/node_modules/busboy/lib/types/multipart.js:394:37)
    at feed (/home7/evvisolu/nodevenv/evvisolutions.com/20/lib/node_modules/streamsearch/lib/sbmh.js:219:14)
    at SBMH.push (/home7/evvisolu/nodevenv/evvisolutions.com/20/lib/node_modules/streamsearch/lib/sbmh.js:104:16)
    at Multipart._write (/home7/evvisolu/nodevenv/evvisolutions.com/20/lib/node_modules/busboy/lib/types/multipart.js:567:19)
Error: Please upload an image
    at fileFilter (/home7/evvisolu/evvisolutions.com/Middleware/multer_config.js:20:8)
    at wrappedFileFilter (/home7/evvisolu/nodevenv/evvisolutions.com/20/lib/node_modules/multer/index.js:44:7)
    at Multipart.<anonymous> (/home7/evvisolu/nodevenv/evvisolutions.com/20/lib/node_modules/multer/lib/make-middleware.js:107:7)
    at Multipart.emit (node:events:519:28)
    at HeaderParser.cb (/home7/evvisolu/nodevenv/evvisolutions.com/20/lib/node_modules/busboy/lib/types/multipart.js:358:14)
    at HeaderParser.push (/home7/evvisolu/nodevenv/evvisolutions.com/20/lib/node_modules/busboy/lib/types/multipart.js:162:20)
    at SBMH.ssCb [as _cb] (/home7/evvisolu/nodevenv/evvisolutions.com/20/lib/node_modules/busboy/lib/types/multipart.js:394:37)
    at feed (/home7/evvisolu/nodevenv/evvisolutions.com/20/lib/node_modules/streamsearch/lib/sbmh.js:219:14)
    at SBMH.push (/home7/evvisolu/nodevenv/evvisolutions.com/20/lib/node_modules/streamsearch/lib/sbmh.js:104:16)
    at Multipart._write (/home7/evvisolu/nodevenv/evvisolutions.com/20/lib/node_modules/busboy/lib/types/multipart.js:567:19)
Error: Please upload an image
    at fileFilter (/home7/evvisolu/evvisolutions.com/Middleware/multer_config.js:20:8)
    at wrappedFileFilter (/home7/evvisolu/nodevenv/evvisolutions.com/20/lib/node_modules/multer/index.js:44:7)
    at Multipart.<anonymous> (/home7/evvisolu/nodevenv/evvisolutions.com/20/lib/node_modules/multer/lib/make-middleware.js:107:7)
    at Multipart.emit (node:events:519:28)
    at HeaderParser.cb (/home7/evvisolu/nodevenv/evvisolutions.com/20/lib/node_modules/busboy/lib/types/multipart.js:358:14)
    at HeaderParser.push (/home7/evvisolu/nodevenv/evvisolutions.com/20/lib/node_modules/busboy/lib/types/multipart.js:162:20)
    at SBMH.ssCb [as _cb] (/home7/evvisolu/nodevenv/evvisolutions.com/20/lib/node_modules/busboy/lib/types/multipart.js:394:37)
    at feed (/home7/evvisolu/nodevenv/evvisolutions.com/20/lib/node_modules/streamsearch/lib/sbmh.js:219:14)
    at SBMH.push (/home7/evvisolu/nodevenv/evvisolutions.com/20/lib/node_modules/streamsearch/lib/sbmh.js:104:16)
    at Multipart._write (/home7/evvisolu/nodevenv/evvisolutions.com/20/lib/node_modules/busboy/lib/types/multipart.js:567:19)
Error: Please upload an image
    at fileFilter (/home7/evvisolu/evvisolutions.com/Middleware/multer_config.js:20:8)
    at wrappedFileFilter (/home7/evvisolu/nodevenv/evvisolutions.com/20/lib/node_modules/multer/index.js:44:7)
    at Multipart.<anonymous> (/home7/evvisolu/nodevenv/evvisolutions.com/20/lib/node_modules/multer/lib/make-middleware.js:107:7)
    at Multipart.emit (node:events:519:28)
    at HeaderParser.cb (/home7/evvisolu/nodevenv/evvisolutions.com/20/lib/node_modules/busboy/lib/types/multipart.js:358:14)
    at HeaderParser.push (/home7/evvisolu/nodevenv/evvisolutions.com/20/lib/node_modules/busboy/lib/types/multipart.js:162:20)
    at SBMH.ssCb [as _cb] (/home7/evvisolu/nodevenv/evvisolutions.com/20/lib/node_modules/busboy/lib/types/multipart.js:394:37)
    at feed (/home7/evvisolu/nodevenv/evvisolutions.com/20/lib/node_modules/streamsearch/lib/sbmh.js:219:14)
    at SBMH.push (/home7/evvisolu/nodevenv/evvisolutions.com/20/lib/node_modules/streamsearch/lib/sbmh.js:104:16)
    at Multipart._write (/home7/evvisolu/nodevenv/evvisolutions.com/20/lib/node_modules/busboy/lib/types/multipart.js:567:19)
Error: Please upload an image
    at fileFilter (/home7/evvisolu/evvisolutions.com/Middleware/multer_config.js:20:8)
    at wrappedFileFilter (/home7/evvisolu/nodevenv/evvisolutions.com/20/lib/node_modules/multer/index.js:44:7)
    at Multipart.<anonymous> (/home7/evvisolu/nodevenv/evvisolutions.com/20/lib/node_modules/multer/lib/make-middleware.js:107:7)
    at Multipart.emit (node:events:519:28)
    at HeaderParser.cb (/home7/evvisolu/nodevenv/evvisolutions.com/20/lib/node_modules/busboy/lib/types/multipart.js:358:14)
    at HeaderParser.push (/home7/evvisolu/nodevenv/evvisolutions.com/20/lib/node_modules/busboy/lib/types/multipart.js:162:20)
    at SBMH.ssCb [as _cb] (/home7/evvisolu/nodevenv/evvisolutions.com/20/lib/node_modules/busboy/lib/types/multipart.js:394:37)
    at feed (/home7/evvisolu/nodevenv/evvisolutions.com/20/lib/node_modules/streamsearch/lib/sbmh.js:219:14)
    at SBMH.push (/home7/evvisolu/nodevenv/evvisolutions.com/20/lib/node_modules/streamsearch/lib/sbmh.js:104:16)
    at Multipart._write (/home7/evvisolu/nodevenv/evvisolutions.com/20/lib/node_modules/busboy/lib/types/multipart.js:567:19)
Error: Please upload an image
    at fileFilter (/home7/evvisolu/evvisolutions.com/Middleware/multer_config.js:20:8)
    at wrappedFileFilter (/home7/evvisolu/nodevenv/evvisolutions.com/20/lib/node_modules/multer/index.js:44:7)
    at Multipart.<anonymous> (/home7/evvisolu/nodevenv/evvisolutions.com/20/lib/node_modules/multer/lib/make-middleware.js:107:7)
    at Multipart.emit (node:events:519:28)
    at HeaderParser.cb (/home7/evvisolu/nodevenv/evvisolutions.com/20/lib/node_modules/busboy/lib/types/multipart.js:358:14)
    at HeaderParser.push (/home7/evvisolu/nodevenv/evvisolutions.com/20/lib/node_modules/busboy/lib/types/multipart.js:162:20)
    at SBMH.ssCb [as _cb] (/home7/evvisolu/nodevenv/evvisolutions.com/20/lib/node_modules/busboy/lib/types/multipart.js:394:37)
    at feed (/home7/evvisolu/nodevenv/evvisolutions.com/20/lib/node_modules/streamsearch/lib/sbmh.js:219:14)
    at SBMH.push (/home7/evvisolu/nodevenv/evvisolutions.com/20/lib/node_modules/streamsearch/lib/sbmh.js:104:16)
    at Multipart._write (/home7/evvisolu/nodevenv/evvisolutions.com/20/lib/node_modules/busboy/lib/types/multipart.js:567:19)
Error: Please upload an image
    at fileFilter (/home7/evvisolu/evvisolutions.com/Middleware/multer_config.js:20:8)
    at wrappedFileFilter (/home7/evvisolu/nodevenv/evvisolutions.com/20/lib/node_modules/multer/index.js:44:7)
    at Multipart.<anonymous> (/home7/evvisolu/nodevenv/evvisolutions.com/20/lib/node_modules/multer/lib/make-middleware.js:107:7)
    at Multipart.emit (node:events:519:28)
    at HeaderParser.cb (/home7/evvisolu/nodevenv/evvisolutions.com/20/lib/node_modules/busboy/lib/types/multipart.js:358:14)
    at HeaderParser.push (/home7/evvisolu/nodevenv/evvisolutions.com/20/lib/node_modules/busboy/lib/types/multipart.js:162:20)
    at SBMH.ssCb [as _cb] (/home7/evvisolu/nodevenv/evvisolutions.com/20/lib/node_modules/busboy/lib/types/multipart.js:394:37)
    at feed (/home7/evvisolu/nodevenv/evvisolutions.com/20/lib/node_modules/streamsearch/lib/sbmh.js:219:14)
    at SBMH.push (/home7/evvisolu/nodevenv/evvisolutions.com/20/lib/node_modules/streamsearch/lib/sbmh.js:104:16)
    at Multipart._write (/home7/evvisolu/nodevenv/evvisolutions.com/20/lib/node_modules/busboy/lib/types/multipart.js:567:19)
Error: Please upload an image
    at fileFilter (/home7/evvisolu/evvisolutions.com/Middleware/multer_config.js:20:8)
    at wrappedFileFilter (/home7/evvisolu/nodevenv/evvisolutions.com/20/lib/node_modules/multer/index.js:44:7)
    at Multipart.<anonymous> (/home7/evvisolu/nodevenv/evvisolutions.com/20/lib/node_modules/multer/lib/make-middleware.js:107:7)
    at Multipart.emit (node:events:519:28)
    at HeaderParser.cb (/home7/evvisolu/nodevenv/evvisolutions.com/20/lib/node_modules/busboy/lib/types/multipart.js:358:14)
    at HeaderParser.push (/home7/evvisolu/nodevenv/evvisolutions.com/20/lib/node_modules/busboy/lib/types/multipart.js:162:20)
    at SBMH.ssCb [as _cb] (/home7/evvisolu/nodevenv/evvisolutions.com/20/lib/node_modules/busboy/lib/types/multipart.js:394:37)
    at feed (/home7/evvisolu/nodevenv/evvisolutions.com/20/lib/node_modules/streamsearch/lib/sbmh.js:219:14)
    at SBMH.push (/home7/evvisolu/nodevenv/evvisolutions.com/20/lib/node_modules/streamsearch/lib/sbmh.js:104:16)
    at Multipart._write (/home7/evvisolu/nodevenv/evvisolutions.com/20/lib/node_modules/busboy/lib/types/multipart.js:567:19)
Error: Please upload an image
    at fileFilter (/home7/evvisolu/evvisolutions.com/Middleware/multer_config.js:20:8)
    at wrappedFileFilter (/home7/evvisolu/nodevenv/evvisolutions.com/20/lib/node_modules/multer/index.js:44:7)
    at Multipart.<anonymous> (/home7/evvisolu/nodevenv/evvisolutions.com/20/lib/node_modules/multer/lib/make-middleware.js:107:7)
    at Multipart.emit (node:events:519:28)
    at HeaderParser.cb (/home7/evvisolu/nodevenv/evvisolutions.com/20/lib/node_modules/busboy/lib/types/multipart.js:358:14)
    at HeaderParser.push (/home7/evvisolu/nodevenv/evvisolutions.com/20/lib/node_modules/busboy/lib/types/multipart.js:162:20)
    at SBMH.ssCb [as _cb] (/home7/evvisolu/nodevenv/evvisolutions.com/20/lib/node_modules/busboy/lib/types/multipart.js:394:37)
    at feed (/home7/evvisolu/nodevenv/evvisolutions.com/20/lib/node_modules/streamsearch/lib/sbmh.js:219:14)
    at SBMH.push (/home7/evvisolu/nodevenv/evvisolutions.com/20/lib/node_modules/streamsearch/lib/sbmh.js:104:16)
    at Multipart._write (/home7/evvisolu/nodevenv/evvisolutions.com/20/lib/node_modules/busboy/lib/types/multipart.js:567:19)
Error: Please upload an image
    at fileFilter (/home7/evvisolu/evvisolutions.com/Middleware/multer_config.js:20:8)
    at wrappedFileFilter (/home7/evvisolu/nodevenv/evvisolutions.com/20/lib/node_modules/multer/index.js:44:7)
    at Multipart.<anonymous> (/home7/evvisolu/nodevenv/evvisolutions.com/20/lib/node_modules/multer/lib/make-middleware.js:107:7)
    at Multipart.emit (node:events:519:28)
    at HeaderParser.cb (/home7/evvisolu/nodevenv/evvisolutions.com/20/lib/node_modules/busboy/lib/types/multipart.js:358:14)
    at HeaderParser.push (/home7/evvisolu/nodevenv/evvisolutions.com/20/lib/node_modules/busboy/lib/types/multipart.js:162:20)
    at SBMH.ssCb [as _cb] (/home7/evvisolu/nodevenv/evvisolutions.com/20/lib/node_modules/busboy/lib/types/multipart.js:394:37)
    at feed (/home7/evvisolu/nodevenv/evvisolutions.com/20/lib/node_modules/streamsearch/lib/sbmh.js:219:14)
    at SBMH.push (/home7/evvisolu/nodevenv/evvisolutions.com/20/lib/node_modules/streamsearch/lib/sbmh.js:104:16)
    at Multipart._write (/home7/evvisolu/nodevenv/evvisolutions.com/20/lib/node_modules/busboy/lib/types/multipart.js:567:19)
Error: Please upload an image
    at fileFilter (/home7/evvisolu/evvisolutions.com/Middleware/multer_config.js:20:8)
    at wrappedFileFilter (/home7/evvisolu/nodevenv/evvisolutions.com/20/lib/node_modules/multer/index.js:44:7)
    at Multipart.<anonymous> (/home7/evvisolu/nodevenv/evvisolutions.com/20/lib/node_modules/multer/lib/make-middleware.js:107:7)
    at Multipart.emit (node:events:519:28)
    at HeaderParser.cb (/home7/evvisolu/nodevenv/evvisolutions.com/20/lib/node_modules/busboy/lib/types/multipart.js:358:14)
    at HeaderParser.push (/home7/evvisolu/nodevenv/evvisolutions.com/20/lib/node_modules/busboy/lib/types/multipart.js:162:20)
    at SBMH.ssCb [as _cb] (/home7/evvisolu/nodevenv/evvisolutions.com/20/lib/node_modules/busboy/lib/types/multipart.js:394:37)
    at feed (/home7/evvisolu/nodevenv/evvisolutions.com/20/lib/node_modules/streamsearch/lib/sbmh.js:219:14)
    at SBMH.push (/home7/evvisolu/nodevenv/evvisolutions.com/20/lib/node_modules/streamsearch/lib/sbmh.js:104:16)
    at Multipart._write (/home7/evvisolu/nodevenv/evvisolutions.com/20/lib/node_modules/busboy/lib/types/multipart.js:567:19)
Error: Please upload an image
    at fileFilter (/home7/evvisolu/evvisolutions.com/Middleware/multer_config.js:20:8)
    at wrappedFileFilter (/home7/evvisolu/nodevenv/evvisolutions.com/20/lib/node_modules/multer/index.js:44:7)
    at Multipart.<anonymous> (/home7/evvisolu/nodevenv/evvisolutions.com/20/lib/node_modules/multer/lib/make-middleware.js:107:7)
    at Multipart.emit (node:events:519:28)
    at HeaderParser.cb (/home7/evvisolu/nodevenv/evvisolutions.com/20/lib/node_modules/busboy/lib/types/multipart.js:358:14)
    at HeaderParser.push (/home7/evvisolu/nodevenv/evvisolutions.com/20/lib/node_modules/busboy/lib/types/multipart.js:162:20)
    at SBMH.ssCb [as _cb] (/home7/evvisolu/nodevenv/evvisolutions.com/20/lib/node_modules/busboy/lib/types/multipart.js:394:37)
    at feed (/home7/evvisolu/nodevenv/evvisolutions.com/20/lib/node_modules/streamsearch/lib/sbmh.js:219:14)
    at SBMH.push (/home7/evvisolu/nodevenv/evvisolutions.com/20/lib/node_modules/streamsearch/lib/sbmh.js:104:16)
    at Multipart._write (/home7/evvisolu/nodevenv/evvisolutions.com/20/lib/node_modules/busboy/lib/types/multipart.js:567:19)
Error: Please upload an image
    at fileFilter (/home7/evvisolu/evvisolutions.com/Middleware/multer_config.js:20:8)
    at wrappedFileFilter (/home7/evvisolu/nodevenv/evvisolutions.com/20/lib/node_modules/multer/index.js:44:7)
    at Multipart.<anonymous> (/home7/evvisolu/nodevenv/evvisolutions.com/20/lib/node_modules/multer/lib/make-middleware.js:107:7)
    at Multipart.emit (node:events:519:28)
    at HeaderParser.cb (/home7/evvisolu/nodevenv/evvisolutions.com/20/lib/node_modules/busboy/lib/types/multipart.js:358:14)
    at HeaderParser.push (/home7/evvisolu/nodevenv/evvisolutions.com/20/lib/node_modules/busboy/lib/types/multipart.js:162:20)
    at SBMH.ssCb [as _cb] (/home7/evvisolu/nodevenv/evvisolutions.com/20/lib/node_modules/busboy/lib/types/multipart.js:394:37)
    at feed (/home7/evvisolu/nodevenv/evvisolutions.com/20/lib/node_modules/streamsearch/lib/sbmh.js:219:14)
    at SBMH.push (/home7/evvisolu/nodevenv/evvisolutions.com/20/lib/node_modules/streamsearch/lib/sbmh.js:104:16)
    at Multipart._write (/home7/evvisolu/nodevenv/evvisolutions.com/20/lib/node_modules/busboy/lib/types/multipart.js:567:19)
Error: Please upload an image
    at fileFilter (/home7/evvisolu/evvisolutions.com/Middleware/multer_config.js:20:8)
    at wrappedFileFilter (/home7/evvisolu/nodevenv/evvisolutions.com/20/lib/node_modules/multer/index.js:44:7)
    at Multipart.<anonymous> (/home7/evvisolu/nodevenv/evvisolutions.com/20/lib/node_modules/multer/lib/make-middleware.js:107:7)
    at Multipart.emit (node:events:519:28)
    at HeaderParser.cb (/home7/evvisolu/nodevenv/evvisolutions.com/20/lib/node_modules/busboy/lib/types/multipart.js:358:14)
    at HeaderParser.push (/home7/evvisolu/nodevenv/evvisolutions.com/20/lib/node_modules/busboy/lib/types/multipart.js:162:20)
    at SBMH.ssCb [as _cb] (/home7/evvisolu/nodevenv/evvisolutions.com/20/lib/node_modules/busboy/lib/types/multipart.js:394:37)
    at feed (/home7/evvisolu/nodevenv/evvisolutions.com/20/lib/node_modules/streamsearch/lib/sbmh.js:219:14)
    at SBMH.push (/home7/evvisolu/nodevenv/evvisolutions.com/20/lib/node_modules/streamsearch/lib/sbmh.js:104:16)
    at Multipart._write (/home7/evvisolu/nodevenv/evvisolutions.com/20/lib/node_modules/busboy/lib/types/multipart.js:567:19)
Error: Please upload an image
    at fileFilter (/home7/evvisolu/evvisolutions.com/Middleware/multer_config.js:20:8)
    at wrappedFileFilter (/home7/evvisolu/nodevenv/evvisolutions.com/20/lib/node_modules/multer/index.js:44:7)
    at Multipart.<anonymous> (/home7/evvisolu/nodevenv/evvisolutions.com/20/lib/node_modules/multer/lib/make-middleware.js:107:7)
    at Multipart.emit (node:events:519:28)
    at HeaderParser.cb (/home7/evvisolu/nodevenv/evvisolutions.com/20/lib/node_modules/busboy/lib/types/multipart.js:358:14)
    at HeaderParser.push (/home7/evvisolu/nodevenv/evvisolutions.com/20/lib/node_modules/busboy/lib/types/multipart.js:162:20)
    at SBMH.ssCb [as _cb] (/home7/evvisolu/nodevenv/evvisolutions.com/20/lib/node_modules/busboy/lib/types/multipart.js:394:37)
    at feed (/home7/evvisolu/nodevenv/evvisolutions.com/20/lib/node_modules/streamsearch/lib/sbmh.js:219:14)
    at SBMH.push (/home7/evvisolu/nodevenv/evvisolutions.com/20/lib/node_modules/streamsearch/lib/sbmh.js:104:16)
    at Multipart._write (/home7/evvisolu/nodevenv/evvisolutions.com/20/lib/node_modules/busboy/lib/types/multipart.js:567:19)
Error: Please upload an image
    at fileFilter (/home7/evvisolu/evvisolutions.com/Middleware/multer_config.js:20:8)
    at wrappedFileFilter (/home7/evvisolu/nodevenv/evvisolutions.com/20/lib/node_modules/multer/index.js:44:7)
    at Multipart.<anonymous> (/home7/evvisolu/nodevenv/evvisolutions.com/20/lib/node_modules/multer/lib/make-middleware.js:107:7)
    at Multipart.emit (node:events:519:28)
    at HeaderParser.cb (/home7/evvisolu/nodevenv/evvisolutions.com/20/lib/node_modules/busboy/lib/types/multipart.js:358:14)
    at HeaderParser.push (/home7/evvisolu/nodevenv/evvisolutions.com/20/lib/node_modules/busboy/lib/types/multipart.js:162:20)
    at SBMH.ssCb [as _cb] (/home7/evvisolu/nodevenv/evvisolutions.com/20/lib/node_modules/busboy/lib/types/multipart.js:394:37)
    at feed (/home7/evvisolu/nodevenv/evvisolutions.com/20/lib/node_modules/streamsearch/lib/sbmh.js:219:14)
    at SBMH.push (/home7/evvisolu/nodevenv/evvisolutions.com/20/lib/node_modules/streamsearch/lib/sbmh.js:104:16)
    at Multipart._write (/home7/evvisolu/nodevenv/evvisolutions.com/20/lib/node_modules/busboy/lib/types/multipart.js:567:19)
Error: Please upload an image
    at fileFilter (/home7/evvisolu/evvisolutions.com/Middleware/multer_config.js:20:8)
    at wrappedFileFilter (/home7/evvisolu/nodevenv/evvisolutions.com/20/lib/node_modules/multer/index.js:44:7)
    at Multipart.<anonymous> (/home7/evvisolu/nodevenv/evvisolutions.com/20/lib/node_modules/multer/lib/make-middleware.js:107:7)
    at Multipart.emit (node:events:519:28)
    at HeaderParser.cb (/home7/evvisolu/nodevenv/evvisolutions.com/20/lib/node_modules/busboy/lib/types/multipart.js:358:14)
    at HeaderParser.push (/home7/evvisolu/nodevenv/evvisolutions.com/20/lib/node_modules/busboy/lib/types/multipart.js:162:20)
    at SBMH.ssCb [as _cb] (/home7/evvisolu/nodevenv/evvisolutions.com/20/lib/node_modules/busboy/lib/types/multipart.js:394:37)
    at feed (/home7/evvisolu/nodevenv/evvisolutions.com/20/lib/node_modules/streamsearch/lib/sbmh.js:219:14)
    at SBMH.push (/home7/evvisolu/nodevenv/evvisolutions.com/20/lib/node_modules/streamsearch/lib/sbmh.js:104:16)
    at Multipart._write (/home7/evvisolu/nodevenv/evvisolutions.com/20/lib/node_modules/busboy/lib/types/multipart.js:567:19)
Error: Please upload an image
    at fileFilter (/home7/evvisolu/evvisolutions.com/Middleware/multer_config.js:20:8)
    at wrappedFileFilter (/home7/evvisolu/nodevenv/evvisolutions.com/20/lib/node_modules/multer/index.js:44:7)
    at Multipart.<anonymous> (/home7/evvisolu/nodevenv/evvisolutions.com/20/lib/node_modules/multer/lib/make-middleware.js:107:7)
    at Multipart.emit (node:events:519:28)
    at HeaderParser.cb (/home7/evvisolu/nodevenv/evvisolutions.com/20/lib/node_modules/busboy/lib/types/multipart.js:358:14)
    at HeaderParser.push (/home7/evvisolu/nodevenv/evvisolutions.com/20/lib/node_modules/busboy/lib/types/multipart.js:162:20)
    at SBMH.ssCb [as _cb] (/home7/evvisolu/nodevenv/evvisolutions.com/20/lib/node_modules/busboy/lib/types/multipart.js:394:37)
    at feed (/home7/evvisolu/nodevenv/evvisolutions.com/20/lib/node_modules/streamsearch/lib/sbmh.js:219:14)
    at SBMH.push (/home7/evvisolu/nodevenv/evvisolutions.com/20/lib/node_modules/streamsearch/lib/sbmh.js:104:16)
    at Multipart._write (/home7/evvisolu/nodevenv/evvisolutions.com/20/lib/node_modules/busboy/lib/types/multipart.js:567:19)
Error: Please upload an image
    at fileFilter (/home7/evvisolu/evvisolutions.com/Middleware/multer_config.js:20:8)
    at wrappedFileFilter (/home7/evvisolu/nodevenv/evvisolutions.com/20/lib/node_modules/multer/index.js:44:7)
    at Multipart.<anonymous> (/home7/evvisolu/nodevenv/evvisolutions.com/20/lib/node_modules/multer/lib/make-middleware.js:107:7)
    at Multipart.emit (node:events:519:28)
    at HeaderParser.cb (/home7/evvisolu/nodevenv/evvisolutions.com/20/lib/node_modules/busboy/lib/types/multipart.js:358:14)
    at HeaderParser.push (/home7/evvisolu/nodevenv/evvisolutions.com/20/lib/node_modules/busboy/lib/types/multipart.js:162:20)
    at SBMH.ssCb [as _cb] (/home7/evvisolu/nodevenv/evvisolutions.com/20/lib/node_modules/busboy/lib/types/multipart.js:394:37)
    at feed (/home7/evvisolu/nodevenv/evvisolutions.com/20/lib/node_modules/streamsearch/lib/sbmh.js:219:14)
    at SBMH.push (/home7/evvisolu/nodevenv/evvisolutions.com/20/lib/node_modules/streamsearch/lib/sbmh.js:104:16)
    at Multipart._write (/home7/evvisolu/nodevenv/evvisolutions.com/20/lib/node_modules/busboy/lib/types/multipart.js:567:19)
Error: Please upload an image
    at fileFilter (/home7/evvisolu/evvisolutions.com/Middleware/multer_config.js:20:8)
    at wrappedFileFilter (/home7/evvisolu/nodevenv/evvisolutions.com/20/lib/node_modules/multer/index.js:44:7)
    at Multipart.<anonymous> (/home7/evvisolu/nodevenv/evvisolutions.com/20/lib/node_modules/multer/lib/make-middleware.js:107:7)
    at Multipart.emit (node:events:519:28)
    at HeaderParser.cb (/home7/evvisolu/nodevenv/evvisolutions.com/20/lib/node_modules/busboy/lib/types/multipart.js:358:14)
    at HeaderParser.push (/home7/evvisolu/nodevenv/evvisolutions.com/20/lib/node_modules/busboy/lib/types/multipart.js:162:20)
    at SBMH.ssCb [as _cb] (/home7/evvisolu/nodevenv/evvisolutions.com/20/lib/node_modules/busboy/lib/types/multipart.js:394:37)
    at feed (/home7/evvisolu/nodevenv/evvisolutions.com/20/lib/node_modules/streamsearch/lib/sbmh.js:219:14)
    at SBMH.push (/home7/evvisolu/nodevenv/evvisolutions.com/20/lib/node_modules/streamsearch/lib/sbmh.js:104:16)
    at Multipart._write (/home7/evvisolu/nodevenv/evvisolutions.com/20/lib/node_modules/busboy/lib/types/multipart.js:567:19)
Error: Please upload an image
    at fileFilter (/home7/evvisolu/evvisolutions.com/Middleware/multer_config.js:20:8)
    at wrappedFileFilter (/home7/evvisolu/nodevenv/evvisolutions.com/20/lib/node_modules/multer/index.js:44:7)
    at Multipart.<anonymous> (/home7/evvisolu/nodevenv/evvisolutions.com/20/lib/node_modules/multer/lib/make-middleware.js:107:7)
    at Multipart.emit (node:events:519:28)
    at HeaderParser.cb (/home7/evvisolu/nodevenv/evvisolutions.com/20/lib/node_modules/busboy/lib/types/multipart.js:358:14)
    at HeaderParser.push (/home7/evvisolu/nodevenv/evvisolutions.com/20/lib/node_modules/busboy/lib/types/multipart.js:162:20)
    at SBMH.ssCb [as _cb] (/home7/evvisolu/nodevenv/evvisolutions.com/20/lib/node_modules/busboy/lib/types/multipart.js:394:37)
    at feed (/home7/evvisolu/nodevenv/evvisolutions.com/20/lib/node_modules/streamsearch/lib/sbmh.js:219:14)
    at SBMH.push (/home7/evvisolu/nodevenv/evvisolutions.com/20/lib/node_modules/streamsearch/lib/sbmh.js:104:16)
    at Multipart._write (/home7/evvisolu/nodevenv/evvisolutions.com/20/lib/node_modules/busboy/lib/types/multipart.js:567:19)
Error: Please upload an image
    at fileFilter (/home7/evvisolu/evvisolutions.com/Middleware/multer_config.js:20:8)
    at wrappedFileFilter (/home7/evvisolu/nodevenv/evvisolutions.com/20/lib/node_modules/multer/index.js:44:7)
    at Multipart.<anonymous> (/home7/evvisolu/nodevenv/evvisolutions.com/20/lib/node_modules/multer/lib/make-middleware.js:107:7)
    at Multipart.emit (node:events:519:28)
    at HeaderParser.cb (/home7/evvisolu/nodevenv/evvisolutions.com/20/lib/node_modules/busboy/lib/types/multipart.js:358:14)
    at HeaderParser.push (/home7/evvisolu/nodevenv/evvisolutions.com/20/lib/node_modules/busboy/lib/types/multipart.js:162:20)
    at SBMH.ssCb [as _cb] (/home7/evvisolu/nodevenv/evvisolutions.com/20/lib/node_modules/busboy/lib/types/multipart.js:394:37)
    at feed (/home7/evvisolu/nodevenv/evvisolutions.com/20/lib/node_modules/streamsearch/lib/sbmh.js:219:14)
    at SBMH.push (/home7/evvisolu/nodevenv/evvisolutions.com/20/lib/node_modules/streamsearch/lib/sbmh.js:104:16)
    at Multipart._write (/home7/evvisolu/nodevenv/evvisolutions.com/20/lib/node_modules/busboy/lib/types/multipart.js:567:19)
Error: Please upload an image
    at fileFilter (/home7/evvisolu/evvisolutions.com/Middleware/multer_config.js:20:8)
    at wrappedFileFilter (/home7/evvisolu/nodevenv/evvisolutions.com/20/lib/node_modules/multer/index.js:44:7)
    at Multipart.<anonymous> (/home7/evvisolu/nodevenv/evvisolutions.com/20/lib/node_modules/multer/lib/make-middleware.js:107:7)
    at Multipart.emit (node:events:519:28)
    at HeaderParser.cb (/home7/evvisolu/nodevenv/evvisolutions.com/20/lib/node_modules/busboy/lib/types/multipart.js:358:14)
    at HeaderParser.push (/home7/evvisolu/nodevenv/evvisolutions.com/20/lib/node_modules/busboy/lib/types/multipart.js:162:20)
    at SBMH.ssCb [as _cb] (/home7/evvisolu/nodevenv/evvisolutions.com/20/lib/node_modules/busboy/lib/types/multipart.js:394:37)
    at feed (/home7/evvisolu/nodevenv/evvisolutions.com/20/lib/node_modules/streamsearch/lib/sbmh.js:219:14)
    at SBMH.push (/home7/evvisolu/nodevenv/evvisolutions.com/20/lib/node_modules/streamsearch/lib/sbmh.js:104:16)
    at Multipart._write (/home7/evvisolu/nodevenv/evvisolutions.com/20/lib/node_modules/busboy/lib/types/multipart.js:567:19)
Error: Please upload an image
    at fileFilter (/home7/evvisolu/evvisolutions.com/Middleware/multer_config.js:20:8)
    at wrappedFileFilter (/home7/evvisolu/nodevenv/evvisolutions.com/20/lib/node_modules/multer/index.js:44:7)
    at Multipart.<anonymous> (/home7/evvisolu/nodevenv/evvisolutions.com/20/lib/node_modules/multer/lib/make-middleware.js:107:7)
    at Multipart.emit (node:events:519:28)
    at HeaderParser.cb (/home7/evvisolu/nodevenv/evvisolutions.com/20/lib/node_modules/busboy/lib/types/multipart.js:358:14)
    at HeaderParser.push (/home7/evvisolu/nodevenv/evvisolutions.com/20/lib/node_modules/busboy/lib/types/multipart.js:162:20)
    at SBMH.ssCb [as _cb] (/home7/evvisolu/nodevenv/evvisolutions.com/20/lib/node_modules/busboy/lib/types/multipart.js:394:37)
    at feed (/home7/evvisolu/nodevenv/evvisolutions.com/20/lib/node_modules/streamsearch/lib/sbmh.js:219:14)
    at SBMH.push (/home7/evvisolu/nodevenv/evvisolutions.com/20/lib/node_modules/streamsearch/lib/sbmh.js:104:16)
    at Multipart._write (/home7/evvisolu/nodevenv/evvisolutions.com/20/lib/node_modules/busboy/lib/types/multipart.js:567:19)
Error: Please upload an image
    at fileFilter (/home7/evvisolu/evvisolutions.com/Middleware/multer_config.js:20:8)
    at wrappedFileFilter (/home7/evvisolu/nodevenv/evvisolutions.com/20/lib/node_modules/multer/index.js:44:7)
    at Multipart.<anonymous> (/home7/evvisolu/nodevenv/evvisolutions.com/20/lib/node_modules/multer/lib/make-middleware.js:107:7)
    at Multipart.emit (node:events:519:28)
    at HeaderParser.cb (/home7/evvisolu/nodevenv/evvisolutions.com/20/lib/node_modules/busboy/lib/types/multipart.js:358:14)
    at HeaderParser.push (/home7/evvisolu/nodevenv/evvisolutions.com/20/lib/node_modules/busboy/lib/types/multipart.js:162:20)
    at SBMH.ssCb [as _cb] (/home7/evvisolu/nodevenv/evvisolutions.com/20/lib/node_modules/busboy/lib/types/multipart.js:394:37)
    at feed (/home7/evvisolu/nodevenv/evvisolutions.com/20/lib/node_modules/streamsearch/lib/sbmh.js:219:14)
    at SBMH.push (/home7/evvisolu/nodevenv/evvisolutions.com/20/lib/node_modules/streamsearch/lib/sbmh.js:104:16)
    at Multipart._write (/home7/evvisolu/nodevenv/evvisolutions.com/20/lib/node_modules/busboy/lib/types/multipart.js:567:19)
Error: Please upload an image
    at fileFilter (/home7/evvisolu/evvisolutions.com/Middleware/multer_config.js:20:8)
    at wrappedFileFilter (/home7/evvisolu/nodevenv/evvisolutions.com/20/lib/node_modules/multer/index.js:44:7)
    at Multipart.<anonymous> (/home7/evvisolu/nodevenv/evvisolutions.com/20/lib/node_modules/multer/lib/make-middleware.js:107:7)
    at Multipart.emit (node:events:519:28)
    at HeaderParser.cb (/home7/evvisolu/nodevenv/evvisolutions.com/20/lib/node_modules/busboy/lib/types/multipart.js:358:14)
    at HeaderParser.push (/home7/evvisolu/nodevenv/evvisolutions.com/20/lib/node_modules/busboy/lib/types/multipart.js:162:20)
    at SBMH.ssCb [as _cb] (/home7/evvisolu/nodevenv/evvisolutions.com/20/lib/node_modules/busboy/lib/types/multipart.js:394:37)
    at feed (/home7/evvisolu/nodevenv/evvisolutions.com/20/lib/node_modules/streamsearch/lib/sbmh.js:219:14)
    at SBMH.push (/home7/evvisolu/nodevenv/evvisolutions.com/20/lib/node_modules/streamsearch/lib/sbmh.js:104:16)
    at Multipart._write (/home7/evvisolu/nodevenv/evvisolutions.com/20/lib/node_modules/busboy/lib/types/multipart.js:567:19)
Error unhiding comment: Error: Comment is already visible
    at Query.onResult (/home7/evvisolu/evvisolutions.com/Model/Comment_model.js:192:25)
    at /home7/evvisolu/nodevenv/evvisolutions.com/20/lib/node_modules/mysql2/lib/commands/query.js:86:16
    at process.processTicksAndRejections (node:internal/process/task_queues:77:11)
Error unhiding comment: Error: Comment is already visible
    at Query.onResult (/home7/evvisolu/evvisolutions.com/Model/Comment_model.js:192:25)
    at /home7/evvisolu/nodevenv/evvisolutions.com/20/lib/node_modules/mysql2/lib/commands/query.js:86:16
    at process.processTicksAndRejections (node:internal/process/task_queues:77:11)
Error: Please upload an image
    at fileFilter (/home7/evvisolu/evvisolutions.com/Middleware/multer_config.js:20:8)
    at wrappedFileFilter (/home7/evvisolu/nodevenv/evvisolutions.com/20/lib/node_modules/multer/index.js:44:7)
    at Multipart.<anonymous> (/home7/evvisolu/nodevenv/evvisolutions.com/20/lib/node_modules/multer/lib/make-middleware.js:107:7)
    at Multipart.emit (node:events:519:28)
    at HeaderParser.cb (/home7/evvisolu/nodevenv/evvisolutions.com/20/lib/node_modules/busboy/lib/types/multipart.js:358:14)
    at HeaderParser.push (/home7/evvisolu/nodevenv/evvisolutions.com/20/lib/node_modules/busboy/lib/types/multipart.js:162:20)
    at SBMH.ssCb [as _cb] (/home7/evvisolu/nodevenv/evvisolutions.com/20/lib/node_modules/busboy/lib/types/multipart.js:394:37)
    at feed (/home7/evvisolu/nodevenv/evvisolutions.com/20/lib/node_modules/streamsearch/lib/sbmh.js:219:14)
    at SBMH.push (/home7/evvisolu/nodevenv/evvisolutions.com/20/lib/node_modules/streamsearch/lib/sbmh.js:104:16)
    at Multipart._write (/home7/evvisolu/nodevenv/evvisolutions.com/20/lib/node_modules/busboy/lib/types/multipart.js:567:19)
Error: Please upload an image
    at fileFilter (/home7/evvisolu/evvisolutions.com/Middleware/multer_config.js:20:8)
    at wrappedFileFilter (/home7/evvisolu/nodevenv/evvisolutions.com/20/lib/node_modules/multer/index.js:44:7)
    at Multipart.<anonymous> (/home7/evvisolu/nodevenv/evvisolutions.com/20/lib/node_modules/multer/lib/make-middleware.js:107:7)
    at Multipart.emit (node:events:519:28)
    at HeaderParser.cb (/home7/evvisolu/nodevenv/evvisolutions.com/20/lib/node_modules/busboy/lib/types/multipart.js:358:14)
    at HeaderParser.push (/home7/evvisolu/nodevenv/evvisolutions.com/20/lib/node_modules/busboy/lib/types/multipart.js:162:20)
    at SBMH.ssCb [as _cb] (/home7/evvisolu/nodevenv/evvisolutions.com/20/lib/node_modules/busboy/lib/types/multipart.js:394:37)
    at feed (/home7/evvisolu/nodevenv/evvisolutions.com/20/lib/node_modules/streamsearch/lib/sbmh.js:219:14)
    at SBMH.push (/home7/evvisolu/nodevenv/evvisolutions.com/20/lib/node_modules/streamsearch/lib/sbmh.js:104:16)
    at Multipart._write (/home7/evvisolu/nodevenv/evvisolutions.com/20/lib/node_modules/busboy/lib/types/multipart.js:567:19)
Error: Please upload an image
    at fileFilter (/home7/evvisolu/evvisolutions.com/Middleware/multer_config.js:20:8)
    at wrappedFileFilter (/home7/evvisolu/nodevenv/evvisolutions.com/20/lib/node_modules/multer/index.js:44:7)
    at Multipart.<anonymous> (/home7/evvisolu/nodevenv/evvisolutions.com/20/lib/node_modules/multer/lib/make-middleware.js:107:7)
    at Multipart.emit (node:events:519:28)
    at HeaderParser.cb (/home7/evvisolu/nodevenv/evvisolutions.com/20/lib/node_modules/busboy/lib/types/multipart.js:358:14)
    at HeaderParser.push (/home7/evvisolu/nodevenv/evvisolutions.com/20/lib/node_modules/busboy/lib/types/multipart.js:162:20)
    at SBMH.ssCb [as _cb] (/home7/evvisolu/nodevenv/evvisolutions.com/20/lib/node_modules/busboy/lib/types/multipart.js:394:37)
    at feed (/home7/evvisolu/nodevenv/evvisolutions.com/20/lib/node_modules/streamsearch/lib/sbmh.js:219:14)
    at SBMH.push (/home7/evvisolu/nodevenv/evvisolutions.com/20/lib/node_modules/streamsearch/lib/sbmh.js:104:16)
    at Multipart._write (/home7/evvisolu/nodevenv/evvisolutions.com/20/lib/node_modules/busboy/lib/types/multipart.js:567:19)
Error: Please upload an image
    at fileFilter (/home7/evvisolu/evvisolutions.com/Middleware/multer_config.js:20:8)
    at wrappedFileFilter (/home7/evvisolu/nodevenv/evvisolutions.com/20/lib/node_modules/multer/index.js:44:7)
    at Multipart.<anonymous> (/home7/evvisolu/nodevenv/evvisolutions.com/20/lib/node_modules/multer/lib/make-middleware.js:107:7)
    at Multipart.emit (node:events:519:28)
    at HeaderParser.cb (/home7/evvisolu/nodevenv/evvisolutions.com/20/lib/node_modules/busboy/lib/types/multipart.js:358:14)
    at HeaderParser.push (/home7/evvisolu/nodevenv/evvisolutions.com/20/lib/node_modules/busboy/lib/types/multipart.js:162:20)
    at SBMH.ssCb [as _cb] (/home7/evvisolu/nodevenv/evvisolutions.com/20/lib/node_modules/busboy/lib/types/multipart.js:394:37)
    at feed (/home7/evvisolu/nodevenv/evvisolutions.com/20/lib/node_modules/streamsearch/lib/sbmh.js:219:14)
    at SBMH.push (/home7/evvisolu/nodevenv/evvisolutions.com/20/lib/node_modules/streamsearch/lib/sbmh.js:104:16)
    at Multipart._write (/home7/evvisolu/nodevenv/evvisolutions.com/20/lib/node_modules/busboy/lib/types/multipart.js:567:19)
Error: Please upload an image
    at fileFilter (/home7/evvisolu/evvisolutions.com/Middleware/multer_config.js:20:8)
    at wrappedFileFilter (/home7/evvisolu/nodevenv/evvisolutions.com/20/lib/node_modules/multer/index.js:44:7)
    at Multipart.<anonymous> (/home7/evvisolu/nodevenv/evvisolutions.com/20/lib/node_modules/multer/lib/make-middleware.js:107:7)
    at Multipart.emit (node:events:519:28)
    at HeaderParser.cb (/home7/evvisolu/nodevenv/evvisolutions.com/20/lib/node_modules/busboy/lib/types/multipart.js:358:14)
    at HeaderParser.push (/home7/evvisolu/nodevenv/evvisolutions.com/20/lib/node_modules/busboy/lib/types/multipart.js:162:20)
    at SBMH.ssCb [as _cb] (/home7/evvisolu/nodevenv/evvisolutions.com/20/lib/node_modules/busboy/lib/types/multipart.js:394:37)
    at feed (/home7/evvisolu/nodevenv/evvisolutions.com/20/lib/node_modules/streamsearch/lib/sbmh.js:219:14)
    at SBMH.push (/home7/evvisolu/nodevenv/evvisolutions.com/20/lib/node_modules/streamsearch/lib/sbmh.js:104:16)
    at Multipart._write (/home7/evvisolu/nodevenv/evvisolutions.com/20/lib/node_modules/busboy/lib/types/multipart.js:567:19)
Error: Please upload an image
    at fileFilter (/home7/evvisolu/evvisolutions.com/Middleware/multer_config.js:20:8)
    at wrappedFileFilter (/home7/evvisolu/nodevenv/evvisolutions.com/20/lib/node_modules/multer/index.js:44:7)
    at Multipart.<anonymous> (/home7/evvisolu/nodevenv/evvisolutions.com/20/lib/node_modules/multer/lib/make-middleware.js:107:7)
    at Multipart.emit (node:events:519:28)
    at HeaderParser.cb (/home7/evvisolu/nodevenv/evvisolutions.com/20/lib/node_modules/busboy/lib/types/multipart.js:358:14)
    at HeaderParser.push (/home7/evvisolu/nodevenv/evvisolutions.com/20/lib/node_modules/busboy/lib/types/multipart.js:162:20)
    at SBMH.ssCb [as _cb] (/home7/evvisolu/nodevenv/evvisolutions.com/20/lib/node_modules/busboy/lib/types/multipart.js:394:37)
    at feed (/home7/evvisolu/nodevenv/evvisolutions.com/20/lib/node_modules/streamsearch/lib/sbmh.js:219:14)
    at SBMH.push (/home7/evvisolu/nodevenv/evvisolutions.com/20/lib/node_modules/streamsearch/lib/sbmh.js:104:16)
    at Multipart._write (/home7/evvisolu/nodevenv/evvisolutions.com/20/lib/node_modules/busboy/lib/types/multipart.js:567:19)
Error hiding comment: Error: Comment is already hidden
    at Query.onResult (/home7/evvisolu/evvisolutions.com/Model/Comment_model.js:219:25)
    at /home7/evvisolu/nodevenv/evvisolutions.com/20/lib/node_modules/mysql2/lib/commands/query.js:86:16
    at process.processTicksAndRejections (node:internal/process/task_queues:77:11)
Error hiding comment: Error: Comment is already hidden
    at Query.onResult (/home7/evvisolu/evvisolutions.com/Model/Comment_model.js:219:25)
    at /home7/evvisolu/nodevenv/evvisolutions.com/20/lib/node_modules/mysql2/lib/commands/query.js:86:16
    at process.processTicksAndRejections (node:internal/process/task_queues:77:11)
Error hiding comment: Error: Comment is already hidden
    at Query.onResult (/home7/evvisolu/evvisolutions.com/Model/Comment_model.js:219:25)
    at /home7/evvisolu/nodevenv/evvisolutions.com/20/lib/node_modules/mysql2/lib/commands/query.js:86:16
    at process.processTicksAndRejections (node:internal/process/task_queues:77:11)
Error hiding comment: Error: Comment is already hidden
    at Query.onResult (/home7/evvisolu/evvisolutions.com/Model/Comment_model.js:219:25)
    at /home7/evvisolu/nodevenv/evvisolutions.com/20/lib/node_modules/mysql2/lib/commands/query.js:86:16
    at process.processTicksAndRejections (node:internal/process/task_queues:77:11)
Error hiding comment: Error: Comment is already hidden
    at Query.onResult (/home7/evvisolu/evvisolutions.com/Model/Comment_model.js:219:25)
    at /home7/evvisolu/nodevenv/evvisolutions.com/20/lib/node_modules/mysql2/lib/commands/query.js:86:16
    at process.processTicksAndRejections (node:internal/process/task_queues:77:11)
Error hiding comment: Error: Comment is already hidden
    at Query.onResult (/home7/evvisolu/evvisolutions.com/Model/Comment_model.js:219:25)
    at /home7/evvisolu/nodevenv/evvisolutions.com/20/lib/node_modules/mysql2/lib/commands/query.js:86:16
    at process.processTicksAndRejections (node:internal/process/task_queues:77:11)
Error unhiding comment: Error: Comment is already visible
    at Query.onResult (/home7/evvisolu/evvisolutions.com/Model/Comment_model.js:192:25)
    at /home7/evvisolu/nodevenv/evvisolutions.com/20/lib/node_modules/mysql2/lib/commands/query.js:86:16
    at process.processTicksAndRejections (node:internal/process/task_queues:77:11)
Error unhiding comment: Error: Comment is already visible
    at Query.onResult (/home7/evvisolu/evvisolutions.com/Model/Comment_model.js:192:25)
    at /home7/evvisolu/nodevenv/evvisolutions.com/20/lib/node_modules/mysql2/lib/commands/query.js:86:16
    at process.processTicksAndRejections (node:internal/process/task_queues:77:11)
Error unhiding comment: Error: Comment is already visible
    at Query.onResult (/home7/evvisolu/evvisolutions.com/Model/Comment_model.js:192:25)
    at /home7/evvisolu/nodevenv/evvisolutions.com/20/lib/node_modules/mysql2/lib/commands/query.js:86:16
    at process.processTicksAndRejections (node:internal/process/task_queues:77:11)
Error: Please upload an image
    at fileFilter (/home7/evvisolu/evvisolutions.com/Middleware/multer_config.js:20:8)
    at wrappedFileFilter (/home7/evvisolu/nodevenv/evvisolutions.com/20/lib/node_modules/multer/index.js:44:7)
    at Multipart.<anonymous> (/home7/evvisolu/nodevenv/evvisolutions.com/20/lib/node_modules/multer/lib/make-middleware.js:107:7)
    at Multipart.emit (node:events:519:28)
    at HeaderParser.cb (/home7/evvisolu/nodevenv/evvisolutions.com/20/lib/node_modules/busboy/lib/types/multipart.js:358:14)
    at HeaderParser.push (/home7/evvisolu/nodevenv/evvisolutions.com/20/lib/node_modules/busboy/lib/types/multipart.js:162:20)
    at SBMH.ssCb [as _cb] (/home7/evvisolu/nodevenv/evvisolutions.com/20/lib/node_modules/busboy/lib/types/multipart.js:394:37)
    at feed (/home7/evvisolu/nodevenv/evvisolutions.com/20/lib/node_modules/streamsearch/lib/sbmh.js:219:14)
    at SBMH.push (/home7/evvisolu/nodevenv/evvisolutions.com/20/lib/node_modules/streamsearch/lib/sbmh.js:104:16)
    at Multipart._write (/home7/evvisolu/nodevenv/evvisolutions.com/20/lib/node_modules/busboy/lib/types/multipart.js:567:19)
Error: Please upload an image
    at fileFilter (/home7/evvisolu/evvisolutions.com/Middleware/multer_config.js:20:8)
    at wrappedFileFilter (/home7/evvisolu/nodevenv/evvisolutions.com/20/lib/node_modules/multer/index.js:44:7)
    at Multipart.<anonymous> (/home7/evvisolu/nodevenv/evvisolutions.com/20/lib/node_modules/multer/lib/make-middleware.js:107:7)
    at Multipart.emit (node:events:519:28)
    at HeaderParser.cb (/home7/evvisolu/nodevenv/evvisolutions.com/20/lib/node_modules/busboy/lib/types/multipart.js:358:14)
    at HeaderParser.push (/home7/evvisolu/nodevenv/evvisolutions.com/20/lib/node_modules/busboy/lib/types/multipart.js:162:20)
    at SBMH.ssCb [as _cb] (/home7/evvisolu/nodevenv/evvisolutions.com/20/lib/node_modules/busboy/lib/types/multipart.js:394:37)
    at feed (/home7/evvisolu/nodevenv/evvisolutions.com/20/lib/node_modules/streamsearch/lib/sbmh.js:219:14)
    at SBMH.push (/home7/evvisolu/nodevenv/evvisolutions.com/20/lib/node_modules/streamsearch/lib/sbmh.js:104:16)
    at Multipart._write (/home7/evvisolu/nodevenv/evvisolutions.com/20/lib/node_modules/busboy/lib/types/multipart.js:567:19)
Error: Please upload an image
    at fileFilter (/home7/evvisolu/evvisolutions.com/Middleware/multer_config.js:20:8)
    at wrappedFileFilter (/home7/evvisolu/nodevenv/evvisolutions.com/20/lib/node_modules/multer/index.js:44:7)
    at Multipart.<anonymous> (/home7/evvisolu/nodevenv/evvisolutions.com/20/lib/node_modules/multer/lib/make-middleware.js:107:7)
    at Multipart.emit (node:events:519:28)
    at HeaderParser.cb (/home7/evvisolu/nodevenv/evvisolutions.com/20/lib/node_modules/busboy/lib/types/multipart.js:358:14)
    at HeaderParser.push (/home7/evvisolu/nodevenv/evvisolutions.com/20/lib/node_modules/busboy/lib/types/multipart.js:162:20)
    at SBMH.ssCb [as _cb] (/home7/evvisolu/nodevenv/evvisolutions.com/20/lib/node_modules/busboy/lib/types/multipart.js:394:37)
    at feed (/home7/evvisolu/nodevenv/evvisolutions.com/20/lib/node_modules/streamsearch/lib/sbmh.js:219:14)
    at SBMH.push (/home7/evvisolu/nodevenv/evvisolutions.com/20/lib/node_modules/streamsearch/lib/sbmh.js:104:16)
    at Multipart._write (/home7/evvisolu/nodevenv/evvisolutions.com/20/lib/node_modules/busboy/lib/types/multipart.js:567:19)
Error: Please upload an image
    at fileFilter (/home7/evvisolu/evvisolutions.com/Middleware/multer_config.js:20:8)
    at wrappedFileFilter (/home7/evvisolu/nodevenv/evvisolutions.com/20/lib/node_modules/multer/index.js:44:7)
    at Multipart.<anonymous> (/home7/evvisolu/nodevenv/evvisolutions.com/20/lib/node_modules/multer/lib/make-middleware.js:107:7)
    at Multipart.emit (node:events:519:28)
    at HeaderParser.cb (/home7/evvisolu/nodevenv/evvisolutions.com/20/lib/node_modules/busboy/lib/types/multipart.js:358:14)
    at HeaderParser.push (/home7/evvisolu/nodevenv/evvisolutions.com/20/lib/node_modules/busboy/lib/types/multipart.js:162:20)
    at SBMH.ssCb [as _cb] (/home7/evvisolu/nodevenv/evvisolutions.com/20/lib/node_modules/busboy/lib/types/multipart.js:394:37)
    at feed (/home7/evvisolu/nodevenv/evvisolutions.com/20/lib/node_modules/streamsearch/lib/sbmh.js:219:14)
    at SBMH.push (/home7/evvisolu/nodevenv/evvisolutions.com/20/lib/node_modules/streamsearch/lib/sbmh.js:104:16)
    at Multipart._write (/home7/evvisolu/nodevenv/evvisolutions.com/20/lib/node_modules/busboy/lib/types/multipart.js:567:19)
Error: Please upload an image
    at fileFilter (/home7/evvisolu/evvisolutions.com/Middleware/multer_config.js:20:8)
    at wrappedFileFilter (/home7/evvisolu/nodevenv/evvisolutions.com/20/lib/node_modules/multer/index.js:44:7)
    at Multipart.<anonymous> (/home7/evvisolu/nodevenv/evvisolutions.com/20/lib/node_modules/multer/lib/make-middleware.js:107:7)
    at Multipart.emit (node:events:519:28)
    at HeaderParser.cb (/home7/evvisolu/nodevenv/evvisolutions.com/20/lib/node_modules/busboy/lib/types/multipart.js:358:14)
    at HeaderParser.push (/home7/evvisolu/nodevenv/evvisolutions.com/20/lib/node_modules/busboy/lib/types/multipart.js:162:20)
    at SBMH.ssCb [as _cb] (/home7/evvisolu/nodevenv/evvisolutions.com/20/lib/node_modules/busboy/lib/types/multipart.js:394:37)
    at feed (/home7/evvisolu/nodevenv/evvisolutions.com/20/lib/node_modules/streamsearch/lib/sbmh.js:219:14)
    at SBMH.push (/home7/evvisolu/nodevenv/evvisolutions.com/20/lib/node_modules/streamsearch/lib/sbmh.js:104:16)
    at Multipart._write (/home7/evvisolu/nodevenv/evvisolutions.com/20/lib/node_modules/busboy/lib/types/multipart.js:567:19)
Error: Please upload an image
    at fileFilter (/home7/evvisolu/evvisolutions.com/Middleware/multer_config.js:20:8)
    at wrappedFileFilter (/home7/evvisolu/nodevenv/evvisolutions.com/20/lib/node_modules/multer/index.js:44:7)
    at Multipart.<anonymous> (/home7/evvisolu/nodevenv/evvisolutions.com/20/lib/node_modules/multer/lib/make-middleware.js:107:7)
    at Multipart.emit (node:events:519:28)
    at HeaderParser.cb (/home7/evvisolu/nodevenv/evvisolutions.com/20/lib/node_modules/busboy/lib/types/multipart.js:358:14)
    at HeaderParser.push (/home7/evvisolu/nodevenv/evvisolutions.com/20/lib/node_modules/busboy/lib/types/multipart.js:162:20)
    at SBMH.ssCb [as _cb] (/home7/evvisolu/nodevenv/evvisolutions.com/20/lib/node_modules/busboy/lib/types/multipart.js:394:37)
    at feed (/home7/evvisolu/nodevenv/evvisolutions.com/20/lib/node_modules/streamsearch/lib/sbmh.js:219:14)
    at SBMH.push (/home7/evvisolu/nodevenv/evvisolutions.com/20/lib/node_modules/streamsearch/lib/sbmh.js:104:16)
    at Multipart._write (/home7/evvisolu/nodevenv/evvisolutions.com/20/lib/node_modules/busboy/lib/types/multipart.js:567:19)
Error: Please upload an image
    at fileFilter (/home7/evvisolu/evvisolutions.com/Middleware/multer_config.js:20:8)
    at wrappedFileFilter (/home7/evvisolu/nodevenv/evvisolutions.com/20/lib/node_modules/multer/index.js:44:7)
    at Multipart.<anonymous> (/home7/evvisolu/nodevenv/evvisolutions.com/20/lib/node_modules/multer/lib/make-middleware.js:107:7)
    at Multipart.emit (node:events:519:28)
    at HeaderParser.cb (/home7/evvisolu/nodevenv/evvisolutions.com/20/lib/node_modules/busboy/lib/types/multipart.js:358:14)
    at HeaderParser.push (/home7/evvisolu/nodevenv/evvisolutions.com/20/lib/node_modules/busboy/lib/types/multipart.js:162:20)
    at SBMH.ssCb [as _cb] (/home7/evvisolu/nodevenv/evvisolutions.com/20/lib/node_modules/busboy/lib/types/multipart.js:394:37)
    at feed (/home7/evvisolu/nodevenv/evvisolutions.com/20/lib/node_modules/streamsearch/lib/sbmh.js:219:14)
    at SBMH.push (/home7/evvisolu/nodevenv/evvisolutions.com/20/lib/node_modules/streamsearch/lib/sbmh.js:104:16)
    at Multipart._write (/home7/evvisolu/nodevenv/evvisolutions.com/20/lib/node_modules/busboy/lib/types/multipart.js:567:19)
